\BOOKMARK [1][-]{section.1}{\376\377\000I\000n\000t\000r\000o\000d\000u\000\347\000\343\000o}{}% 1
\BOOKMARK [1][-]{section.2}{\376\377\000R\000e\000v\000i\000s\000\343\000o\000\040\000B\000i\000b\000l\000i\000o\000g\000r\000\341\000f\000i\000c\000a}{}% 2
\BOOKMARK [2][-]{subsection.2.1}{\376\377\000P\000r\000o\000c\000e\000s\000s\000o\000\040\000d\000e\000\040\000T\000r\000a\000t\000a\000m\000e\000n\000t\000o\000\040\000d\000e\000\040\000\301\000g\000u\000a\000s\000\040\000\301\000c\000i\000d\000a\000s}{section.2}% 3
\BOOKMARK [2][-]{subsection.2.2}{\376\377\000M\000o\000d\000e\000l\000a\000g\000e\000m\000\040\000T\000e\000r\000m\000o\000d\000i\000n\000\342\000m\000i\000c\000a\000\040\000d\000e\000\040\000S\000i\000s\000t\000e\000m\000a\000s\000\040\000c\000o\000m\000\040\000E\000l\000e\000t\000r\000\363\000l\000i\000t\000o\000s}{section.2}% 4
\BOOKMARK [3][-]{subsubsection.2.2.1}{\376\377\000D\000e\000s\000e\000n\000v\000o\000l\000v\000i\000m\000e\000n\000t\000o\000\040\000e\000\040\000H\000i\000s\000t\000\363\000r\000i\000c\000o\000\040\000d\000o\000\040\000M\000o\000d\000e\000l\000o\000\040\000G\000P\000S\000W\000A\000T}{subsection.2.2}% 5
\BOOKMARK [3][-]{subsubsection.2.2.2}{\376\377\000F\000u\000n\000d\000a\000m\000e\000n\000t\000a\000\347\000\343\000o\000\040\000T\000e\000r\000m\000o\000d\000i\000n\000\342\000m\000i\000c\000a}{subsection.2.2}% 6
\BOOKMARK [3][-]{subsubsection.2.2.3}{\376\377\000C\000o\000m\000p\000o\000n\000e\000n\000t\000e\000s\000\040\000e\000\040\000R\000e\000a\000\347\000\365\000e\000s\000\040\000C\000o\000n\000s\000i\000d\000e\000r\000a\000d\000a\000s}{subsection.2.2}% 7
\BOOKMARK [3][-]{subsubsection.2.2.4}{\376\377\000L\000i\000m\000i\000t\000e\000s\000\040\000d\000e\000\040\000A\000p\000l\000i\000c\000a\000b\000i\000l\000i\000d\000a\000d\000e}{subsection.2.2}% 8
\BOOKMARK [3][-]{subsubsection.2.2.5}{\376\377\000V\000a\000n\000t\000a\000g\000e\000n\000s\000\040\000e\000\040\000L\000i\000m\000i\000t\000a\000\347\000\365\000e\000s}{subsection.2.2}% 9
\BOOKMARK [3][-]{subsubsection.2.2.6}{\376\377\000A\000d\000e\000q\000u\000a\000\347\000\343\000o\000\040\000a\000o\000\040\000p\000r\000e\000s\000e\000n\000t\000e\000\040\000t\000r\000a\000b\000a\000l\000h\000o}{subsection.2.2}% 10
\BOOKMARK [2][-]{subsection.2.3}{\376\377\000S\000i\000m\000u\000l\000a\000\347\000\343\000o\000\040\000D\000i\000n\000\342\000m\000i\000c\000a\000\040\000d\000e\000\040\000C\000o\000l\000u\000n\000a\000s\000\040\000d\000e\000\040\000D\000e\000s\000t\000i\000l\000a\000\347\000\343\000o}{section.2}% 11
\BOOKMARK [2][-]{subsection.2.4}{\376\377\000C\000o\000n\000t\000r\000o\000l\000e\000\040\000A\000v\000a\000n\000\347\000a\000d\000o\000\040\000e\000m\000\040\000R\000e\000f\000i\000n\000a\000r\000i\000a\000s}{section.2}% 12
\BOOKMARK [1][-]{section.3}{\376\377\000D\000e\000s\000c\000r\000i\000\347\000\343\000o\000\040\000d\000o\000\040\000P\000r\000o\000c\000e\000s\000s\000o}{}% 13
\BOOKMARK [2][-]{subsection.3.1}{\376\377\000C\000o\000n\000f\000i\000g\000u\000r\000a\000\347\000\343\000o\000\040\000G\000e\000r\000a\000l\000\040\000d\000a\000\040\000U\000T\000A\000A}{section.3}% 14
\BOOKMARK [2][-]{subsection.3.2}{\376\377\000T\000o\000r\000r\000e\000\040\000E\000s\000g\000o\000t\000a\000d\000o\000r\000a\000\040\000d\000e\000\040\000H\0002\000S}{section.3}% 15
\BOOKMARK [2][-]{subsection.3.3}{\376\377\000D\000e\000s\000a\000f\000i\000o\000s\000\040\000O\000p\000e\000r\000a\000c\000i\000o\000n\000a\000i\000s}{section.3}% 16
\BOOKMARK [1][-]{section.4}{\376\377\000M\000e\000t\000o\000d\000o\000l\000o\000g\000i\000a}{}% 17
\BOOKMARK [2][-]{subsection.4.1}{\376\377\000E\000s\000t\000r\000a\000t\000\351\000g\000i\000a\000\040\000d\000e\000\040\000S\000i\000m\000u\000l\000a\000\347\000\343\000o}{section.4}% 18
\BOOKMARK [2][-]{subsection.4.2}{\376\377\000M\000o\000d\000e\000l\000a\000g\000e\000m\000\040\000E\000s\000t\000\341\000t\000i\000c\000a\000\040\000n\000o\000\040\000A\000s\000p\000e\000n\000\040\000P\000l\000u\000s\000\040\000V\0001\0004}{section.4}% 19
\BOOKMARK [3][-]{subsubsection.4.2.1}{\376\377\000S\000e\000l\000e\000\347\000\343\000o\000\040\000d\000o\000\040\000M\000o\000d\000e\000l\000o\000\040\000T\000e\000r\000m\000o\000d\000i\000n\000\342\000m\000i\000c\000o}{subsection.4.2}% 20
\BOOKMARK [3][-]{subsubsection.4.2.2}{\376\377\000E\000s\000p\000e\000c\000i\000f\000i\000c\000a\000\347\000\365\000e\000s\000\040\000d\000o\000\040\000P\000r\000o\000c\000e\000s\000s\000o}{subsection.4.2}% 21
\BOOKMARK [3][-]{subsubsection.4.2.3}{\376\377\000C\000o\000m\000p\000o\000s\000i\000\347\000\343\000o\000\040\000d\000a\000\040\000A\000l\000i\000m\000e\000n\000t\000a\000\347\000\343\000o}{subsection.4.2}% 22
\BOOKMARK [3][-]{subsubsection.4.2.4}{\376\377\000C\000o\000n\000f\000i\000g\000u\000r\000a\000\347\000\343\000o\000\040\000d\000o\000\040\000M\000o\000d\000e\000l\000o\000\040\000n\000o\000\040\000A\000s\000p\000e\000n\000\040\000P\000l\000u\000s}{subsection.4.2}% 23
\BOOKMARK [2][-]{subsection.4.3}{\376\377\000M\000o\000d\000e\000l\000a\000g\000e\000m\000\040\000D\000i\000n\000\342\000m\000i\000c\000a\000\040\000n\000o\000\040\000A\000s\000p\000e\000n\000\040\000P\000l\000u\000s\000\040\000D\000y\000n\000a\000m\000i\000c\000s\000\040\000V\0001\0004}{section.4}% 24
\BOOKMARK [3][-]{subsubsection.4.3.1}{\376\377\000P\000r\000e\000p\000a\000r\000a\000\347\000\343\000o\000\040\000d\000o\000\040\000M\000o\000d\000e\000l\000o\000\040\000E\000s\000t\000\341\000t\000i\000c\000o}{subsection.4.3}% 25
\BOOKMARK [3][-]{subsubsection.4.3.2}{\376\377\000E\000x\000p\000o\000r\000t\000a\000\347\000\343\000o\000\040\000e\000\040\000C\000o\000n\000f\000i\000g\000u\000r\000a\000\347\000\343\000o\000\040\000e\000m\000\040\000A\000s\000p\000e\000n\000\040\000D\000y\000n\000a\000m\000i\000c\000s}{subsection.4.3}% 26
\BOOKMARK [3][-]{subsubsection.4.3.3}{\376\377\000C\000o\000n\000d\000i\000\347\000\365\000e\000s\000\040\000I\000n\000i\000c\000i\000a\000i\000s\000\040\000e\000\040\000C\000o\000n\000v\000e\000r\000g\000\352\000n\000c\000i\000a\000\040\000D\000i\000n\000\342\000m\000i\000c\000a}{subsection.4.3}% 27
\BOOKMARK [2][-]{subsection.4.4}{\376\377\000C\000e\000n\000\341\000r\000i\000o\000s\000\040\000d\000e\000\040\000S\000i\000m\000u\000l\000a\000\347\000\343\000o\000\040\000e\000\040\000A\000n\000\341\000l\000i\000s\000e}{section.4}% 28
\BOOKMARK [2][-]{subsection.4.5}{\376\377\000M\000\351\000t\000r\000i\000c\000a\000s\000\040\000d\000e\000\040\000D\000e\000s\000e\000m\000p\000e\000n\000h\000o}{section.4}% 29
\BOOKMARK [1][-]{section.5}{\376\377\000R\000e\000s\000u\000l\000t\000a\000d\000o\000s\000\040\000e\000\040\000D\000i\000s\000c\000u\000s\000s\000\343\000o}{}% 30
\BOOKMARK [2][-]{subsection.5.1}{\376\377\000M\000o\000d\000e\000l\000o\000\040\000E\000s\000t\000\341\000t\000i\000c\000o\000:\000\040\000C\000a\000s\000o\000\040\000B\000a\000s\000e}{section.5}% 31
\BOOKMARK [2][-]{subsection.5.2}{\376\377\000A\000n\000\341\000l\000i\000s\000e\000\040\000d\000e\000\040\000S\000e\000n\000s\000i\000b\000i\000l\000i\000d\000a\000d\000e\000\040\000P\000a\000r\000a\000m\000\351\000t\000r\000i\000c\000a}{section.5}% 32
\BOOKMARK [3][-]{subsubsection.5.2.1}{\376\377\000E\000f\000e\000i\000t\000o\000\040\000d\000a\000\040\000C\000o\000n\000c\000e\000n\000t\000r\000a\000\347\000\343\000o\000\040\000d\000e\000\040\000H\0002\000S\000\040\000n\000a\000\040\000A\000l\000i\000m\000e\000n\000t\000a\000\347\000\343\000o}{subsection.5.2}% 33
\BOOKMARK [3][-]{subsubsection.5.2.2}{\376\377\000E\000f\000e\000i\000t\000o\000\040\000d\000a\000\040\000C\000o\000n\000c\000e\000n\000t\000r\000a\000\347\000\343\000o\000\040\000d\000e\000\040\000N\000H\0003\000\040\000n\000a\000\040\000A\000l\000i\000m\000e\000n\000t\000a\000\347\000\343\000o}{subsection.5.2}% 34
\BOOKMARK [3][-]{subsubsection.5.2.3}{\376\377\000E\000f\000e\000i\000t\000o\000\040\000d\000a\000\040\000C\000a\000r\000g\000a\000\040\000T\000\351\000r\000m\000i\000c\000a\000\040\000d\000o\000\040\000R\000e\000f\000e\000r\000v\000e\000d\000o\000r}{subsection.5.2}% 35
\BOOKMARK [2][-]{subsection.5.3}{\376\377\000M\000o\000d\000e\000l\000o\000\040\000D\000i\000n\000\342\000m\000i\000c\000o\000:\000\040\000R\000e\000s\000p\000o\000s\000t\000a\000\040\000T\000r\000a\000n\000s\000i\000t\000\363\000r\000i\000a}{section.5}% 36
\BOOKMARK [2][-]{subsection.5.4}{\376\377\000I\000d\000e\000n\000t\000i\000f\000i\000c\000a\000\347\000\343\000o\000\040\000d\000o\000\040\000L\000i\000m\000i\000t\000e\000\040\000d\000e\000\040\000F\000e\000r\000v\000u\000r\000a}{section.5}% 37
\BOOKMARK [2][-]{subsection.5.5}{\376\377\000D\000i\000s\000c\000u\000s\000s\000\343\000o\000\040\000d\000o\000s\000\040\000R\000e\000s\000u\000l\000t\000a\000d\000o\000s}{section.5}% 38
\BOOKMARK [1][-]{section.6}{\376\377\000C\000o\000n\000c\000l\000u\000s\000\365\000e\000s}{}% 39
\BOOKMARK [1][-]{section.7}{\376\377\000T\000r\000a\000b\000a\000l\000h\000o\000s\000\040\000F\000u\000t\000u\000r\000o\000s}{}% 40
\BOOKMARK [2][-]{subsection.7.1}{\376\377\000G\000e\000r\000a\000\347\000\343\000o\000\040\000d\000e\000\040\000D\000a\000d\000o\000s\000\040\000p\000a\000r\000a\000\040\000T\000r\000e\000i\000n\000a\000m\000e\000n\000t\000o\000\040\000d\000e\000\040\000R\000e\000d\000e\000s\000\040\000N\000e\000u\000r\000a\000i\000s}{section.7}% 41
\BOOKMARK [2][-]{subsection.7.2}{\376\377\000D\000e\000s\000e\000n\000v\000o\000l\000v\000i\000m\000e\000n\000t\000o\000\040\000d\000e\000\040\000M\000o\000d\000e\000l\000o\000s\000\040\000d\000e\000\040\000R\000e\000d\000e\000s\000\040\000N\000e\000u\000r\000a\000i\000s}{section.7}% 42
\BOOKMARK [2][-]{subsection.7.3}{\376\377\000C\000o\000n\000t\000r\000o\000l\000e\000\040\000P\000r\000e\000d\000i\000t\000i\000v\000o\000\040\000N\000\343\000o\000\040\000L\000i\000n\000e\000a\000r\000\040\000B\000a\000s\000e\000a\000d\000o\000\040\000e\000m\000\040\000R\000e\000d\000e\000s\000\040\000N\000e\000u\000r\000a\000i\000s\000\040\000\050\000N\000N\000\040\000N\000M\000P\000C\000\051}{section.7}% 43
\BOOKMARK [2][-]{subsection.7.4}{\376\377\000V\000a\000l\000i\000d\000a\000\347\000\343\000o\000\040\000e\000\040\000I\000m\000p\000l\000e\000m\000e\000n\000t\000a\000\347\000\343\000o}{section.7}% 44
\BOOKMARK [1][-]{appendix.A}{\376\377\000R\000e\000p\000r\000o\000d\000u\000t\000i\000b\000i\000l\000i\000d\000a\000d\000e}{}% 45
